1161046,4813021,0,0,0
1161046,4813021,60,60,1
1161046,4813022,58,58,1
1161048,4813023,62,62,1
1161049,4813024,63,63,1
1161050,4813024,65,65,1
1161051,4813025,64,64,1
1161053,4813026,63,63,1
1161054,4813027,65,65,1
1161055,4813027,62,62,1
1161055,4813028,65,65,1
1161056,4813028,63,63,1
1161057,4813029,62,62,1
1161058,4813030,61,61,1
1161059,4813030,59,59,1
1161060,4813030,57,57,1
1161060,4813031,55,55,1
1161061,4813031,53,53,1
1161062,4813032,57,57,1
1161062,4813032,53,53,1
1161063,4813033,52,52,1
1161064,4813033,55,55,1
1161064,4813034,50,50,1
1161065,4813035,52,52,1
1161066,4813035,51,51,2
1161089,4813054,0,0,0
1161089,4813054,64,64,1
1161088,4813053,61,61,1
1161088,4813053,62,62,1
1161087,4813052,60,60,0
1161087,4813051,62,62,1
1161086,4813051,65,65,0
1161085,4813050,66,66,0
1161084,4813050,59,59,1
1161083,4813049,64,64,1
1161082,4813048,62,62,1
1161081,4813048,57,57,1
1161079,4813047,62,62,1
1161078,4813046,64,64,1
1161074,4813044,68,68,1
1161073,4813043,59,59,1
1161074,4813044,55,55,1
1161076,4813045,54,54,1
1161077,4813046,57,57,1
1161079,4813048,54,54,1
1161081,4813049,53,53,1
1161082,4813050,55,55,1
1161083,4813050,56,56,1
1161084,4813050,54,54,1
1161084,4813051,57,57,1
1161084,4813051,59,59,1
1161085,4813050,63,63,1
1161085,4813050,61,61,1
1161085,4813050,65,65,1
1161084,4813050,66,66,0
1161084,4813049,109,109,0
1161083,4813048,76,76,0
1161083,4813048,175,175,0
1161082,4813047,76,76,0
1161081,4813047,93,93,0
1161081,4813046,87,87,0
1161065,4813019,87,87,0
1161045,4812993,87,87,0
1161003,4812954,87,87,0
1160981,4812928,87,87,0
1160969,4812915,87,87,0
1160952,4812897,87,87,0
1160946,4812890,87,87,0
1160933,4812877,87,87,0
1160920,4812863,87,87,0
1160914,4812856,87,87,0
1160886,4812832,87,87,0
1160867,4812820,87,87,0
1160839,4812803,87,87,0
1160820,4812791,87,87,0
1160810,4812785,87,87,0
1160790,4812772,87,87,0
1160780,4812766,87,87,0
1160770,4812759,87,87,0
1160742,4812741,87,87,0
1160702,4812715,87,87,0
1160639,4812675,87,87,0
1160599,4812648,87,87,0
1160573,4812632,87,87,0
1160531,4812604,87,87,0
1160521,4812597,87,87,0
1160509,4812590,87,87,0
1160498,4812582,87,87,0
1160471,4812565,87,87,0
1160458,4812557,87,87,0
1160445,4812548,87,87,0
1160432,4812540,87,87,0
1160406,4812523,87,87,0
1160394,4812514,87,87,0
1160382,4812506,87,87,0
1160369,4812498,87,87,0
1160346,4812482,87,87,0
1160334,4812474,87,87,0
1160323,4812467,87,87,0
1160312,4812460,87,87,0
1160291,4812445,87,87,0
1160281,4812439,87,87,0
1160264,4812426,87,87,0
1160250,4812416,87,87,0
1160212,4812390,87,87,0
1160221,4812368,87,87,0
1160244,4812361,87,87,0
1160534,4812064,87,87,0
1160099,4811972,87,87,0
1159559,4811854,87,87,0
1159542,4811850,87,87,0
1159426,4811820,87,87,0
1159412,4811817,87,87,0
1159398,4811814,87,87,0
1159384,4811810,87,87,0
1159356,4811803,87,87,0
1159343,4811800,87,87,0
1159292,4811785,87,87,0
1159279,4811782,87,87,0
1159266,4811779,87,87,0
1159253,4811776,87,87,0
1159228,4811770,87,87,0
1159217,4811768,87,87,0
1159187,4811760,87,87,0
1159102,4811739,87,87,0
1159092,4811737,87,87,0
1159073,4811732,87,87,0
1159052,4811728,87,87,0
1159039,4811727,87,87,0
1159026,4811724,87,87,0
1159014,4811722,87,87,0
1158991,4811715,87,87,0
1158981,4811714,87,87,0
1158970,4811714,87,87,0
1158960,4811716,87,87,0
1158938,4811719,87,87,0
1158902,4811724,87,87,0
1158886,4811725,87,87,0
1158858,4811728,87,87,0
1158831,4811730,87,87,0
1158817,4811732,87,87,0
1158801,4811734,87,87,0
1158785,4811736,87,87,0
1158756,4811744,87,87,0
1158742,4811751,87,87,0
1158728,4811758,87,87,0
1158713,4811767,87,87,0
1158680,4811785,87,87,0
1158663,4811794,87,87,0
1158646,4811803,87,87,0
1158627,4811811,87,87,0
1158590,4811827,87,87,0
1158571,4811835,87,87,0
1158553,4811842,87,87,0
1158535,4811850,87,87,0
1158500,4811863,87,87,0
1158484,4811869,87,87,0
1158469,4811873,87,87,0
1158456,4811877,87,87,0
1158436,4811884,87,87,0
1158401,4811894,87,87,0
1158354,4811905,87,87,0
1158322,4811881,87,87,0
1158316,4811874,87,87,0
1158309,4811867,87,87,0
1158302,4811859,87,87,0
1158288,4811843,87,87,0
1158281,4811835,87,87,0
1158273,4811826,87,87,0
1158265,4811818,87,87,0
1158248,4811801,87,87,0
1158240,4811794,87,87,0
1158233,4811786,87,87,0
1158215,4811770,87,87,0
1158191,4811767,87,87,0
1158147,4811794,87,87,0
1158011,4811916,87,87,0
1156506,4814086,0,0,0
1156614,4814047,0,0,0
1156598,4814053,0,0,0
1156565,4814067,0,0,0
1156553,4814069,0,0,0
1156747,4813999,0,0,0
1156633,4814035,0,0,0
1156635,4814031,199,199,14
1156622,4814029,199,199,14
1156622,4814029,212,212,17
1156619,4814025,217,217,20
1156616,4814020,220,220,22
1156612,4814014,220,220,23
1156607,4814009,222,222,26
1156601,4814004,222,222,27
1156587,4813993,221,221,27
1156581,4813987,220,220,29
1156574,4813981,220,220,30
1156567,4813975,220,220,31
1156560,4813969,218,218,32
1156553,4813962,218,218,32
1156553,4813962,215,215,32
1156547,4813955,215,215,32
1156547,4813955,212,212,32
1156541,4813948,212,212,32
1156541,4813948,210,210,32
1156534,4813942,209,209,32
1156528,4813934,209,209,32
1156523,4813927,209,209,32
1156516,4813920,209,209,32
1156511,4813913,209,209,32
1156505,4813906,209,209,32
1156500,4813897,209,209,32
1156500,4813897,198,198,39
1156497,4813886,198,198,39
1156497,4813886,195,195,42
1156493,4813875,195,195,42
1156490,4813864,195,195,42
1156486,4813854,195,195,42
1156482,4813843,195,195,42
1156478,4813833,195,195,42
1156478,4813833,0,0,0
1156455,4813771,0,0,0
1156455,4813771,193,193,44
1156452,4813760,193,193,44
1156448,4813750,193,193,44
1156448,4813750,194,194,43
1156444,4813740,194,194,43
1156440,4813729,194,194,43
1156436,4813719,194,194,43
1156432,4813708,194,194,43
1156443,4813700,194,194,43
1156443,4813700,183,183,45
1156446,4813689,183,183,45
1156446,4813689,184,184,48
1156448,4813678,184,184,48
1156448,4813678,185,185,48
1156448,4813666,185,185,48
1156448,4813643,185,185,48
1156461,4813640,185,185,48
1156461,4813640,176,176,47
1156465,4813630,176,176,47
1156465,4813630,171,171,48
1156468,4813619,171,171,48
1156468,4813619,167,167,48
1156474,4813608,167,167,48
1156474,4813608,161,161,48
1156481,4813597,161,161,48
1156481,4813597,157,157,49
1156488,4813585,157,157,49
1156488,4813585,158,158,50
1156496,4813574,158,158,50
1156496,4813574,157,157,51
1156504,4813562,157,157,51
1156504,4813562,157,157,52
1156512,4813550,157,157,52
1156519,4813538,157,157,52
1156527,4813526,157,157,52
1156527,4813526,158,158,52
1156534,4813514,158,158,52
1156534,4813514,159,159,51
1156541,4813502,159,159,51
1156548,4813490,159,159,51
1156548,4813490,158,158,51
1156556,4813478,158,158,51
1156556,4813478,160,160,51
1156562,4813467,160,160,51
1156562,4813467,160,160,49
1156569,4813456,160,160,49
1156569,4813456,156,156,43
1156575,4813448,156,156,43
1156575,4813448,150,150,32
1156580,4813443,133,133,19
1156584,4813440,137,137,14
1156586,4813439,123,123,9
1156587,4813439,106,106,1
1156586,4813440,76,76,0
1156585,4813440,2,2,0
1156584,4813441,78,78,0
1156584,4813442,61,61,0
1156583,4813442,357,357,0
1156583,4813443,72,72,0
1156582,4813443,81,81,0
1156582,4813444,193,193,0
1156581,4813444,82,82,0
1156581,4813444,109,109,0
1156581,4813444,86,86,0
1156581,4813444,104,104,0
1156581,4813445,268,268,0
1156580,4813445,266,266,0
1156579,4813446,285,285,0
1156578,4813446,279,279,0
1156577,4813447,1,1,0
1156575,4813447,310,310,0
1156574,4813448,300,300,0
1156572,4813448,310,310,0
1156570,4813449,278,278,0
1156568,4813449,299,299,0
1156567,4813449,248,248,0
1156565,4813449,244,244,0
1156564,4813449,184,184,0
1156563,4813449,290,290,0
1156562,4813449,278,278,0
1156560,4813448,172,172,0
1156559,4813448,159,159,0
1156558,4813448,94,94,0
1156556,4813448,0,0,0
1157157,4813140,0,0,0
1157148,4813143,141,141,7
1157148,4813143,130,130,3
1157151,4813141,135,135,0
1157154,4813140,104,104,0
1157157,4813138,101,101,0
1157162,4813135,105,105,0
1157164,4813134,117,117,0
1157162,4813135,109,109,0
1157162,4813135,105,105,0
1157162,4813135,113,113,0
1157162,4813135,103,103,0
1157163,4813135,105,105,0
1157164,4813135,106,106,0
1157164,4813135,113,113,0
1157164,4813135,108,108,0
1157164,4813135,109,109,0
1157163,4813135,104,104,0
1157163,4813135,100,100,0
1157163,4813135,101,101,0
1157163,4813134,107,107,0
1157163,4813134,96,96,0
1157164,4813134,95,95,0
1157164,4813134,98,98,0
1157165,4813134,79,79,0
1157167,4813133,92,92,0
1157169,4813132,106,106,0
1157171,4813132,94,94,0
1157172,4813131,89,89,0
1157173,4813131,107,107,0
1157174,4813131,103,103,0
1157174,4813131,100,100,0
1157174,4813131,113,113,0
1157174,4813131,101,101,0
1157173,4813132,116,116,0
1157173,4813132,109,109,0
1157172,4813132,108,108,0
1157172,4813133,105,105,0
1157171,4813133,107,107,0
1157172,4813133,102,102,0
1157172,4813133,100,100,0
1157172,4813133,109,109,0
1157173,4813133,107,107,0
1157174,4813133,99,99,0
1157175,4813133,104,104,0
1157176,4813133,103,103,0
1157176,4813133,109,109,0
1157177,4813133,104,104,0
1157177,4813133,111,111,0
1157177,4813133,108,108,0
1157177,4813134,102,102,0
1157176,4813134,101,101,0
1157175,4813134,104,104,0
1157174,4813135,112,112,0
1157174,4813135,98,98,0
1157173,4813136,114,114,0
1157172,4813136,99,99,0
1157172,4813136,104,104,0
1157171,4813137,100,100,0
1157170,4813137,99,99,0
1157169,4813138,116,116,0
1157168,4813138,97,97,0
1157168,4813138,103,103,0
1157167,4813138,101,101,0
1157166,4813139,94,94,0
1157166,4813139,106,106,0
1157166,4813139,103,103,0
1157165,4813140,108,108,0
1157165,4813140,87,87,0
1157164,4813140,99,99,0
1157164,4813140,89,89,0
1157163,4813140,96,96,0
1157162,4813140,94,94,0
1157162,4813140,98,98,0
1157162,4813140,97,97,0
1157162,4813140,91,91,0
1157162,4813140,43,43,0
1157162,4813140,105,105,0
1157162,4813140,118,118,0
1157162,4813140,142,142,3
1157163,4813139,148,148,7
1157166,4813137,140,140,13
1157172,4813130,145,145,15
1157173,4813127,148,148,16
1157176,4813124,148,148,19
1157192,4813104,0,0,0
1157249,4813042,0,0,0
1157249,4813042,147,147,43
1157278,4813022,147,147,43
1157278,4813022,138,138,39
1157298,4813009,138,138,39
1157298,4813009,137,137,36
1157312,4813000,137,137,36
1157324,4812993,137,137,36
1157335,4812985,137,137,36
1157346,4812977,137,137,36
1157356,4812970,137,137,36
1157356,4812970,0,0,0
1157628,4812795,0,0,0
1157637,4812786,0,0,0
1157637,4812786,142,142,22
1157644,4812778,142,142,22
1157644,4812778,137,137,37
1157659,4812768,137,137,37
1157659,4812768,141,141,46
1157672,4812758,141,141,46
1157672,4812758,141,141,48
1157665,4812756,139,139,49
1157676,4812748,139,139,49
1157676,4812748,137,137,48
1157689,4812739,137,137,48
1157689,4812739,138,138,49
1157701,4812730,138,138,49
1157701,4812730,138,138,50
1157714,4812720,138,138,50
1157714,4812720,138,138,51
1157728,4812710,138,138,51
1157741,4812701,138,138,51
1157753,4812692,138,138,51
1157766,4812682,138,138,51
1157778,4812673,138,138,51
1157778,4812673,137,137,51
1157792,4812664,137,137,51
1157792,4812664,136,136,52
1157805,4812654,136,136,52
1157805,4812654,135,135,53
1157819,4812645,135,135,53
1157819,4812645,135,135,52
1157832,4812636,135,135,52
1157832,4812636,137,137,52
1157846,4812626,137,137,52
1157859,4812617,137,137,52
1157872,4812608,137,137,52
1157886,4812599,137,137,52
1157899,4812589,137,137,52
1157899,4812589,0,0,0
1158025,4812506,0,0,0
1158025,4812506,124,124,33
1158047,4812507,124,124,33
1158065,4812502,0,0,0
1158126,4812454,0,0,0
1158126,4812454,140,140,29
1158120,4812443,140,140,29
1158120,4812443,143,143,31
1158108,4812429,143,143,31
1158108,4812429,148,148,33
1158113,4812421,148,148,33
1158113,4812421,151,151,37
1158120,4812412,151,151,37
1158120,4812412,150,150,40
1158127,4812403,150,150,40
1158134,4812395,150,150,40
1158143,4812386,150,150,40
1158143,4812386,145,145,41
1158152,4812377,145,145,41
1158152,4812377,144,144,41
1158160,4812368,144,144,41
1158160,4812368,149,149,42
1158168,4812359,149,149,42
1158168,4812359,153,153,44
1158175,4812349,153,153,44
1158175,4812349,154,154,47
1158183,4812338,154,154,47
1158183,4812338,155,155,49
1158191,4812326,155,155,49
1158191,4812326,156,156,51
1158199,4812314,156,156,51
1158199,4812314,156,156,52
1158207,4812302,156,156,52
1158207,4812302,157,157,52
1158214,4812289,157,157,52
1158214,4812289,159,159,51
1158220,4812277,159,159,51
1158220,4812277,164,164,50
1158223,4812265,164,164,50
1158223,4812265,170,170,49
1158224,4812253,170,170,49
1158224,4812253,181,181,48
1158222,4812240,181,181,48
1158222,4812240,188,188,47
1158219,4812229,188,188,47
1158219,4812229,193,193,47
1158214,4812218,193,193,47
1158214,4812218,198,198,48
1158208,4812206,198,198,48
1158208,4812206,202,202,48
1158201,4812195,202,202,48
1158201,4812195,205,205,49
1158193,4812184,205,205,49
1158193,4812184,206,206,49
1158184,4812173,206,206,49
1158174,4812161,206,206,49
1158174,4812161,206,206,51
1158166,4812150,206,206,51
1158166,4812150,205,205,50
1158159,4812138,205,205,50
1158159,4812138,202,202,50
1158153,4812126,202,202,50
1158153,4812126,197,197,50
1158149,4812114,197,197,50
1158149,4812114,190,190,49
1158146,4812101,190,190,49
1158146,4812101,185,185,50
1158146,4812089,185,185,50
1158146,4812089,180,180,50
1158148,4812077,180,180,50
1158148,4812077,168,168,47
1158154,4812065,168,168,47
1158154,4812065,157,157,48
1158162,4812055,157,157,48
1158162,4812055,151,151,47
1158171,4812045,151,151,47
1158180,4812035,151,151,47
1158189,4812027,151,151,47
1158189,4812027,150,150,42
1158196,4812018,150,150,42
1158196,4812018,156,156,40
1158202,4812009,156,156,40
1158202,4812009,162,162,40
1158206,4812000,162,162,40
1158206,4812000,165,165,39
1158210,4811991,165,165,39
1158210,4811991,166,166,38
1158214,4811982,166,166,38
1158214,4811982,165,165,36
1158218,4811973,165,165,36
1158218,4811973,163,163,32
1158221,4811967,163,163,24
1158222,4811962,173,173,17
1158222,4811958,188,188,18
1158217,4811936,0,0,0
