This is pdfTeX, Version 3.1415926-1.40.10 (TeX Live 2009/Debian) (format=pdflatex 2012.3.7)  13 MAR 2012 23:11
entering extended mode
 %&-line parsing enabled.
**tutorial.tex
(./tutorial.tex
LaTeX2e <2009/09/24>
Babel <v3.8l> and hyphenation patterns for english, usenglishmax, dumylang, noh
yphenation, loaded.
(/usr/share/texmf-texlive/tex/latex/base/article.cls
Document Class: article 2007/10/19 v1.4h Standard LaTeX document class
(/usr/share/texmf-texlive/tex/latex/base/size12.clo
File: size12.clo 2007/10/19 v1.4h Standard LaTeX file (size option)
)
\c@part=\count79
\c@section=\count80
\c@subsection=\count81
\c@subsubsection=\count82
\c@paragraph=\count83
\c@subparagraph=\count84
\c@figure=\count85
\c@table=\count86
\abovecaptionskip=\skip41
\belowcaptionskip=\skip42
\bibindent=\dimen102
)
(/usr/share/texmf-texlive/tex/latex/geometry/geometry.sty
Package: geometry 2008/12/21 v4.2 Page Geometry

(/usr/share/texmf-texlive/tex/latex/graphics/keyval.sty
Package: keyval 1999/03/16 v1.13 key=value parser (DPC)
\KV@toks@=\toks14
)
(/usr/share/texmf-texlive/tex/generic/oberdiek/ifpdf.sty
Package: ifpdf 2009/04/10 v2.0 Provides the ifpdf switch (HO)
Package ifpdf Info: pdfTeX in pdf mode detected.
)
(/usr/share/texmf-texlive/tex/generic/oberdiek/ifvtex.sty
Package: ifvtex 2008/11/04 v1.4 Switches for detecting VTeX and its modes (HO)
Package ifvtex Info: VTeX not detected.
)
\Gm@cnth=\count87
\Gm@cntv=\count88
\c@Gm@tempcnt=\count89
\Gm@bindingoffset=\dimen103
\Gm@wd@mp=\dimen104
\Gm@odd@mp=\dimen105
\Gm@even@mp=\dimen106
\Gm@dimlist=\toks15

(/usr/share/texmf-texlive/tex/xelatex/xetexconfig/geometry.cfg))
(/usr/share/texmf-texlive/tex/generic/babel/babel.sty
Package: babel 2008/07/06 v3.8l The Babel package

(/usr/share/texmf-texlive/tex/generic/babel/italian.ldf
Language: italian 2008/03/14 v1.2t Italian support from the babel system

(/usr/share/texmf-texlive/tex/generic/babel/babel.def
File: babel.def 2008/07/06 v3.8l Babel common definitions
\babel@savecnt=\count90
\U@D=\dimen107
)

Package babel Warning: No hyphenation patterns were loaded for
(babel)                the language `Italian'
(babel)                I will use the patterns loaded for \language=0 instead.

\l@italian = a dialect from \language0
Package babel Info: Making " an active character on input line 94.
)) (/usr/share/texmf-texlive/tex/latex/wrapfig/wrapfig.sty
\wrapoverhang=\dimen108
\WF@size=\dimen109
\c@WF@wrappedlines=\count91
\WF@box=\box26
\WF@everypar=\toks16
Package: wrapfig 2003/01/31  v 3.6
)
(/usr/share/texmf-texlive/tex/latex/tools/indentfirst.sty
Package: indentfirst 1995/11/23 v1.03 Indent first paragraph (DPC)
)
(/usr/share/texmf-texlive/tex/latex/base/inputenc.sty
Package: inputenc 2008/03/30 v1.1d Input encoding file
\inpenc@prehook=\toks17
\inpenc@posthook=\toks18

(/usr/share/texmf-texlive/tex/latex/base/utf8.def
File: utf8.def 2008/04/05 v1.1m UTF-8 support for inputenc
Now handling font encoding OML ...
... no UTF-8 mapping file for font encoding OML
Now handling font encoding T1 ...
... processing UTF-8 mapping file for font encoding T1

(/usr/share/texmf-texlive/tex/latex/base/t1enc.dfu
File: t1enc.dfu 2008/04/05 v1.1m UTF-8 support for inputenc
   defining Unicode char U+00A1 (decimal 161)
   defining Unicode char U+00A3 (decimal 163)
   defining Unicode char U+00AB (decimal 171)
   defining Unicode char U+00BB (decimal 187)
   defining Unicode char U+00BF (decimal 191)
   defining Unicode char U+00C0 (decimal 192)
   defining Unicode char U+00C1 (decimal 193)
   defining Unicode char U+00C2 (decimal 194)
   defining Unicode char U+00C3 (decimal 195)
   defining Unicode char U+00C4 (decimal 196)
   defining Unicode char U+00C5 (decimal 197)
   defining Unicode char U+00C6 (decimal 198)
   defining Unicode char U+00C7 (decimal 199)
   defining Unicode char U+00C8 (decimal 200)
   defining Unicode char U+00C9 (decimal 201)
   defining Unicode char U+00CA (decimal 202)
   defining Unicode char U+00CB (decimal 203)
   defining Unicode char U+00CC (decimal 204)
   defining Unicode char U+00CD (decimal 205)
   defining Unicode char U+00CE (decimal 206)
   defining Unicode char U+00CF (decimal 207)
   defining Unicode char U+00D0 (decimal 208)
   defining Unicode char U+00D1 (decimal 209)
   defining Unicode char U+00D2 (decimal 210)
   defining Unicode char U+00D3 (decimal 211)
   defining Unicode char U+00D4 (decimal 212)
   defining Unicode char U+00D5 (decimal 213)
   defining Unicode char U+00D6 (decimal 214)
   defining Unicode char U+00D8 (decimal 216)
   defining Unicode char U+00D9 (decimal 217)
   defining Unicode char U+00DA (decimal 218)
   defining Unicode char U+00DB (decimal 219)
   defining Unicode char U+00DC (decimal 220)
   defining Unicode char U+00DD (decimal 221)
   defining Unicode char U+00DE (decimal 222)
   defining Unicode char U+00DF (decimal 223)
   defining Unicode char U+00E0 (decimal 224)
   defining Unicode char U+00E1 (decimal 225)
   defining Unicode char U+00E2 (decimal 226)
   defining Unicode char U+00E3 (decimal 227)
   defining Unicode char U+00E4 (decimal 228)
   defining Unicode char U+00E5 (decimal 229)
   defining Unicode char U+00E6 (decimal 230)
   defining Unicode char U+00E7 (decimal 231)
   defining Unicode char U+00E8 (decimal 232)
   defining Unicode char U+00E9 (decimal 233)
   defining Unicode char U+00EA (decimal 234)
   defining Unicode char U+00EB (decimal 235)
   defining Unicode char U+00EC (decimal 236)
   defining Unicode char U+00ED (decimal 237)
   defining Unicode char U+00EE (decimal 238)
   defining Unicode char U+00EF (decimal 239)
   defining Unicode char U+00F0 (decimal 240)
   defining Unicode char U+00F1 (decimal 241)
   defining Unicode char U+00F2 (decimal 242)
   defining Unicode char U+00F3 (decimal 243)
   defining Unicode char U+00F4 (decimal 244)
   defining Unicode char U+00F5 (decimal 245)
   defining Unicode char U+00F6 (decimal 246)
   defining Unicode char U+00F8 (decimal 248)
   defining Unicode char U+00F9 (decimal 249)
   defining Unicode char U+00FA (decimal 250)
   defining Unicode char U+00FB (decimal 251)
   defining Unicode char U+00FC (decimal 252)
   defining Unicode char U+00FD (decimal 253)
   defining Unicode char U+00FE (decimal 254)
   defining Unicode char U+00FF (decimal 255)
   defining Unicode char U+0102 (decimal 258)
   defining Unicode char U+0103 (decimal 259)
   defining Unicode char U+0104 (decimal 260)
   defining Unicode char U+0105 (decimal 261)
   defining Unicode char U+0106 (decimal 262)
   defining Unicode char U+0107 (decimal 263)
   defining Unicode char U+010C (decimal 268)
   defining Unicode char U+010D (decimal 269)
   defining Unicode char U+010E (decimal 270)
   defining Unicode char U+010F (decimal 271)
   defining Unicode char U+0110 (decimal 272)
   defining Unicode char U+0111 (decimal 273)
   defining Unicode char U+0118 (decimal 280)
   defining Unicode char U+0119 (decimal 281)
   defining Unicode char U+011A (decimal 282)
   defining Unicode char U+011B (decimal 283)
   defining Unicode char U+011E (decimal 286)
   defining Unicode char U+011F (decimal 287)
   defining Unicode char U+0130 (decimal 304)
   defining Unicode char U+0131 (decimal 305)
   defining Unicode char U+0132 (decimal 306)
   defining Unicode char U+0133 (decimal 307)
   defining Unicode char U+0139 (decimal 313)
   defining Unicode char U+013A (decimal 314)
   defining Unicode char U+013D (decimal 317)
   defining Unicode char U+013E (decimal 318)
   defining Unicode char U+0141 (decimal 321)
   defining Unicode char U+0142 (decimal 322)
   defining Unicode char U+0143 (decimal 323)
   defining Unicode char U+0144 (decimal 324)
   defining Unicode char U+0147 (decimal 327)
   defining Unicode char U+0148 (decimal 328)
   defining Unicode char U+014A (decimal 330)
   defining Unicode char U+014B (decimal 331)
   defining Unicode char U+0150 (decimal 336)
   defining Unicode char U+0151 (decimal 337)
   defining Unicode char U+0152 (decimal 338)
   defining Unicode char U+0153 (decimal 339)
   defining Unicode char U+0154 (decimal 340)
   defining Unicode char U+0155 (decimal 341)
   defining Unicode char U+0158 (decimal 344)
   defining Unicode char U+0159 (decimal 345)
   defining Unicode char U+015A (decimal 346)
   defining Unicode char U+015B (decimal 347)
   defining Unicode char U+015E (decimal 350)
   defining Unicode char U+015F (decimal 351)
   defining Unicode char U+0160 (decimal 352)
   defining Unicode char U+0161 (decimal 353)
   defining Unicode char U+0162 (decimal 354)
   defining Unicode char U+0163 (decimal 355)
   defining Unicode char U+0164 (decimal 356)
   defining Unicode char U+0165 (decimal 357)
   defining Unicode char U+016E (decimal 366)
   defining Unicode char U+016F (decimal 367)
   defining Unicode char U+0170 (decimal 368)
   defining Unicode char U+0171 (decimal 369)
   defining Unicode char U+0178 (decimal 376)
   defining Unicode char U+0179 (decimal 377)
   defining Unicode char U+017A (decimal 378)
   defining Unicode char U+017B (decimal 379)
   defining Unicode char U+017C (decimal 380)
   defining Unicode char U+017D (decimal 381)
   defining Unicode char U+017E (decimal 382)
   defining Unicode char U+200C (decimal 8204)
   defining Unicode char U+2013 (decimal 8211)
   defining Unicode char U+2014 (decimal 8212)
   defining Unicode char U+2018 (decimal 8216)
   defining Unicode char U+2019 (decimal 8217)
   defining Unicode char U+201A (decimal 8218)
   defining Unicode char U+201C (decimal 8220)
   defining Unicode char U+201D (decimal 8221)
   defining Unicode char U+201E (decimal 8222)
   defining Unicode char U+2030 (decimal 8240)
   defining Unicode char U+2031 (decimal 8241)
   defining Unicode char U+2039 (decimal 8249)
   defining Unicode char U+203A (decimal 8250)
   defining Unicode char U+2423 (decimal 9251)
)
Now handling font encoding OT1 ...
... processing UTF-8 mapping file for font encoding OT1

(/usr/share/texmf-texlive/tex/latex/base/ot1enc.dfu
File: ot1enc.dfu 2008/04/05 v1.1m UTF-8 support for inputenc
   defining Unicode char U+00A1 (decimal 161)
   defining Unicode char U+00A3 (decimal 163)
   defining Unicode char U+00B8 (decimal 184)
   defining Unicode char U+00BF (decimal 191)
   defining Unicode char U+00C5 (decimal 197)
   defining Unicode char U+00C6 (decimal 198)
   defining Unicode char U+00D8 (decimal 216)
   defining Unicode char U+00DF (decimal 223)
   defining Unicode char U+00E6 (decimal 230)
   defining Unicode char U+00EC (decimal 236)
   defining Unicode char U+00ED (decimal 237)
   defining Unicode char U+00EE (decimal 238)
   defining Unicode char U+00EF (decimal 239)
   defining Unicode char U+00F8 (decimal 248)
   defining Unicode char U+0131 (decimal 305)
   defining Unicode char U+0141 (decimal 321)
   defining Unicode char U+0142 (decimal 322)
   defining Unicode char U+0152 (decimal 338)
   defining Unicode char U+0153 (decimal 339)
   defining Unicode char U+2013 (decimal 8211)
   defining Unicode char U+2014 (decimal 8212)
   defining Unicode char U+2018 (decimal 8216)
   defining Unicode char U+2019 (decimal 8217)
   defining Unicode char U+201C (decimal 8220)
   defining Unicode char U+201D (decimal 8221)
)
Now handling font encoding OMS ...
... processing UTF-8 mapping file for font encoding OMS

(/usr/share/texmf-texlive/tex/latex/base/omsenc.dfu
File: omsenc.dfu 2008/04/05 v1.1m UTF-8 support for inputenc
   defining Unicode char U+00A7 (decimal 167)
   defining Unicode char U+00B6 (decimal 182)
   defining Unicode char U+00B7 (decimal 183)
   defining Unicode char U+2020 (decimal 8224)
   defining Unicode char U+2021 (decimal 8225)
   defining Unicode char U+2022 (decimal 8226)
)
Now handling font encoding OMX ...
... no UTF-8 mapping file for font encoding OMX
Now handling font encoding U ...
... no UTF-8 mapping file for font encoding U
Now handling font encoding LGR ...
... no UTF-8 mapping file for font encoding LGR
   defining Unicode char U+00A9 (decimal 169)
   defining Unicode char U+00AA (decimal 170)
   defining Unicode char U+00AE (decimal 174)
   defining Unicode char U+00BA (decimal 186)
   defining Unicode char U+02C6 (decimal 710)
   defining Unicode char U+02DC (decimal 732)
   defining Unicode char U+200C (decimal 8204)
   defining Unicode char U+2026 (decimal 8230)
   defining Unicode char U+2122 (decimal 8482)
   defining Unicode char U+2423 (decimal 9251)
))
(/usr/share/texmf-texlive/tex/latex/graphics/graphicx.sty
Package: graphicx 1999/02/16 v1.0f Enhanced LaTeX Graphics (DPC,SPQR)

(/usr/share/texmf-texlive/tex/latex/graphics/graphics.sty
Package: graphics 2009/02/05 v1.0o Standard LaTeX Graphics (DPC,SPQR)

(/usr/share/texmf-texlive/tex/latex/graphics/trig.sty
Package: trig 1999/03/16 v1.09 sin cos tan (DPC)
)
(/etc/texmf/tex/latex/config/graphics.cfg
File: graphics.cfg 2009/08/28 v1.8 graphics configuration of TeX Live
)
Package graphics Info: Driver file: pdftex.def on input line 91.

(/usr/share/texmf-texlive/tex/latex/pdftex-def/pdftex.def
File: pdftex.def 2010/03/12 v0.04p Graphics/color for pdfTeX
\Gread@gobject=\count92
))
\Gin@req@height=\dimen110
\Gin@req@width=\dimen111
)
(/usr/share/texmf-texlive/tex/latex/booktabs/booktabs.sty
Package: booktabs 2005/04/14 v1.61803 publication quality tables
\heavyrulewidth=\dimen112
\lightrulewidth=\dimen113
\cmidrulewidth=\dimen114
\belowrulesep=\dimen115
\belowbottomsep=\dimen116
\aboverulesep=\dimen117
\abovetopsep=\dimen118
\cmidrulesep=\dimen119
\cmidrulekern=\dimen120
\defaultaddspace=\dimen121
\@cmidla=\count93
\@cmidlb=\count94
\@aboverulesep=\dimen122
\@belowrulesep=\dimen123
\@thisruleclass=\count95
\@lastruleclass=\count96
\@thisrulewidth=\dimen124
)
(/usr/share/texmf-texlive/tex/latex/multirow/multirow.sty
\bigstrutjot=\dimen125
)
(/usr/share/texmf-texlive/tex/latex/graphics/color.sty
Package: color 2005/11/14 v1.0j Standard LaTeX Color (DPC)

(/etc/texmf/tex/latex/config/color.cfg
File: color.cfg 2007/01/18 v1.5 color configuration of teTeX/TeXLive
)
Package color Info: Driver file: pdftex.def on input line 130.
)
(/usr/share/texmf-texlive/tex/latex/titlesec/titlesec.sty
Package: titlesec 2007/08/12 v2.8 Sectioning titles
\ttl@box=\box27
\beforetitleunit=\skip43
\aftertitleunit=\skip44
\ttl@plus=\dimen126
\ttl@minus=\dimen127
\ttl@toksa=\toks19
\titlewidth=\dimen128
\titlewidthlast=\dimen129
\titlewidthfirst=\dimen130
)
(/usr/share/texmf-texlive/tex/latex/tools/xspace.sty
Package: xspace 2006/05/08 v1.12 Space after command names (DPC,MH)
)
(/usr/share/texmf-texlive/tex/latex/fancyhdr/fancyhdr.sty
\fancy@headwidth=\skip45
\f@ncyO@elh=\skip46
\f@ncyO@erh=\skip47
\f@ncyO@olh=\skip48
\f@ncyO@orh=\skip49
\f@ncyO@elf=\skip50
\f@ncyO@erf=\skip51
\f@ncyO@olf=\skip52
\f@ncyO@orf=\skip53
)
(/usr/share/texmf-texlive/tex/latex/tocloft/tocloft.sty
Package: tocloft 2009/09/04 v2.3d parameterised ToC, etc., typesetting


Package tocloft Note: The document has section divisions.

\cftparskip=\skip54
\cftbeforetoctitleskip=\skip55
\cftaftertoctitleskip=\skip56
\cftbeforepartskip=\skip57
\cftpartnumwidth=\skip58
\cftpartindent=\skip59
\cftbeforesecskip=\skip60
\cftsecindent=\skip61
\cftsecnumwidth=\skip62
\cftbeforesubsecskip=\skip63
\cftsubsecindent=\skip64
\cftsubsecnumwidth=\skip65
\cftbeforesubsubsecskip=\skip66
\cftsubsubsecindent=\skip67
\cftsubsubsecnumwidth=\skip68
\cftbeforeparaskip=\skip69
\cftparaindent=\skip70
\cftparanumwidth=\skip71
\cftbeforesubparaskip=\skip72
\cftsubparaindent=\skip73
\cftsubparanumwidth=\skip74
\cftbeforeloftitleskip=\skip75
\cftafterloftitleskip=\skip76
\cftbeforefigskip=\skip77
\cftfigindent=\skip78
\cftfignumwidth=\skip79
\c@lofdepth=\count97
\c@lotdepth=\count98
\cftbeforelottitleskip=\skip80
\cftafterlottitleskip=\skip81
\cftbeforetabskip=\skip82
\cfttabindent=\skip83
\cfttabnumwidth=\skip84
) (/usr/share/texmf-texlive/tex/latex/hyperref/hyperref.sty
Package: hyperref 2009/10/09 v6.79a Hypertext links for LaTeX

(/usr/share/texmf-texlive/tex/generic/ifxetex/ifxetex.sty
Package: ifxetex 2009/01/23 v0.5 Provides ifxetex conditional
)
(/usr/share/texmf-texlive/tex/latex/oberdiek/hycolor.sty
Package: hycolor 2009/10/02 v1.5 Code for color options of hyperref/bookmark (H
O)

(/usr/share/texmf-texlive/tex/latex/oberdiek/xcolor-patch.sty
Package: xcolor-patch 2009/10/02 xcolor patch
))
\@linkdim=\dimen131
\Hy@linkcounter=\count99
\Hy@pagecounter=\count100

(/usr/share/texmf-texlive/tex/latex/hyperref/pd1enc.def
File: pd1enc.def 2009/10/09 v6.79a Hyperref: PDFDocEncoding definition (HO)
Now handling font encoding PD1 ...
... no UTF-8 mapping file for font encoding PD1
)
(/usr/share/texmf-texlive/tex/generic/oberdiek/etexcmds.sty
Package: etexcmds 2007/12/12 v1.2 Prefix for e-TeX command names (HO)

(/usr/share/texmf-texlive/tex/generic/oberdiek/infwarerr.sty
Package: infwarerr 2007/09/09 v1.2 Providing info/warning/message (HO)
)
Package etexcmds Info: Could not find \expanded.
(etexcmds)             That can mean that you are not using pdfTeX 1.50 or
(etexcmds)             that some package has redefined \expanded.
(etexcmds)             In the latter case, load this package earlier.
)
(/usr/share/texmf-texlive/tex/latex/latexconfig/hyperref.cfg
File: hyperref.cfg 2002/06/06 v1.2 hyperref configuration of TeXLive
)
(/usr/share/texmf-texlive/tex/latex/oberdiek/kvoptions.sty
Package: kvoptions 2009/08/13 v3.4 Keyval support for LaTeX options (HO)

(/usr/share/texmf-texlive/tex/generic/oberdiek/kvsetkeys.sty
Package: kvsetkeys 2009/07/30 v1.5 Key value parser with default handler suppor
t (HO)
))

Package hyperref Warning: Token not allowed in a PDF string (PDFDocEncoding):
(hyperref)                removing `\unhbox' on input line 2864.


Package hyperref Warning: Token not allowed in a PDF string (PDFDocEncoding):
(hyperref)                removing `\voidb@x' on input line 2864.


Package hyperref Warning: Token not allowed in a PDF string (PDFDocEncoding):
(hyperref)                removing `\<let>-command' on input line 2864.


Package hyperref Warning: Token not allowed in a PDF string (PDFDocEncoding):
(hyperref)                removing `\unhbox' on input line 2864.


Package hyperref Warning: Token not allowed in a PDF string (PDFDocEncoding):
(hyperref)                removing `\voidb@x' on input line 2864.


Package hyperref Warning: Token not allowed in a PDF string (PDFDocEncoding):
(hyperref)                removing `\setbox' on input line 2864.


Package hyperref Warning: Token not allowed in a PDF string (PDFDocEncoding):
(hyperref)                removing `\@tempboxa' on input line 2864.


Package hyperref Warning: Token not allowed in a PDF string (PDFDocEncoding):
(hyperref)                removing `\hbox' on input line 2864.


Package hyperref Warning: Token not allowed in a PDF string (PDFDocEncoding):
(hyperref)                removing `\global' on input line 2864.


Package hyperref Warning: Token not allowed in a PDF string (PDFDocEncoding):
(hyperref)                removing `\mathchardef' on input line 2864.


Package hyperref Warning: Token not allowed in a PDF string (PDFDocEncoding):
(hyperref)                removing `\spacefactor' on input line 2864.


Package hyperref Warning: Token not allowed in a PDF string (PDFDocEncoding):
(hyperref)                removing `\accent' on input line 2864.


Package hyperref Warning: Token not allowed in a PDF string (PDFDocEncoding):
(hyperref)                removing `\spacefactor' on input line 2864.

Package hyperref Info: Option `colorlinks' set `true' on input line 2864.
Package hyperref Info: Hyper figures OFF on input line 2975.
Package hyperref Info: Link nesting OFF on input line 2980.
Package hyperref Info: Hyper index ON on input line 2983.
Package hyperref Info: Plain pages OFF on input line 2990.
Package hyperref Info: Backreferencing OFF on input line 2995.
Implicit mode ON; LaTeX internals redefined
Package hyperref Info: Bookmarks ON on input line 3191.
(/usr/share/texmf-texlive/tex/latex/ltxmisc/url.sty
\Urlmuskip=\muskip10
Package: url 2006/04/12  ver 3.3  Verb mode for urls, etc.
)
LaTeX Info: Redefining \url on input line 3428.

(/usr/share/texmf-texlive/tex/generic/oberdiek/bitset.sty
Package: bitset 2007/09/28 v1.0 Data type bit set (HO)

(/usr/share/texmf-texlive/tex/generic/oberdiek/intcalc.sty
Package: intcalc 2007/09/27 v1.1 Expandable integer calculations (HO)
)
(/usr/share/texmf-texlive/tex/generic/oberdiek/bigintcalc.sty
Package: bigintcalc 2007/11/11 v1.1 Expandable big integer calculations (HO)

(/usr/share/texmf-texlive/tex/generic/oberdiek/pdftexcmds.sty
Package: pdftexcmds 2009/09/23 v0.6 LuaTeX support for pdfTeX utility functions
 (HO)

(/usr/share/texmf-texlive/tex/generic/oberdiek/ifluatex.sty
Package: ifluatex 2009/04/17 v1.2 Provides the ifluatex switch (HO)
Package ifluatex Info: LuaTeX not detected.
)
(/usr/share/texmf-texlive/tex/generic/oberdiek/ltxcmds.sty
Package: ltxcmds 2009/08/05 v1.0 Some LaTeX kernel commands for general use (HO
)
)
Package pdftexcmds Info: LuaTeX not detected.
Package pdftexcmds Info: \pdf@primitive is available.
Package pdftexcmds Info: \pdf@ifprimitive is available.
)))
\Fld@menulength=\count101
\Field@Width=\dimen132
\Fld@charsize=\dimen133
\Field@toks=\toks20
Package hyperref Info: Hyper figures OFF on input line 4377.
Package hyperref Info: Link nesting OFF on input line 4382.
Package hyperref Info: Hyper index ON on input line 4385.
Package hyperref Info: backreferencing OFF on input line 4392.
Package hyperref Info: Link coloring ON on input line 4395.
Package hyperref Info: Link coloring with OCG OFF on input line 4402.
Package hyperref Info: PDF/A mode OFF on input line 4407.

(/usr/share/texmf-texlive/tex/generic/oberdiek/atbegshi.sty
Package: atbegshi 2008/07/31 v1.9 At begin shipout hook (HO)
)
\Hy@abspage=\count102
\c@Item=\count103
\c@Hfootnote=\count104
)
*hyperref using default driver hpdftex*
(/usr/share/texmf-texlive/tex/latex/hyperref/hpdftex.def
File: hpdftex.def 2009/10/09 v6.79a Hyperref driver for pdfTeX
\Fld@listcount=\count105
) (./tutorial.aux)
\openout1 = `tutorial.aux'.

LaTeX Font Info:    Checking defaults for OML/cmm/m/it on input line 58.
LaTeX Font Info:    ... okay on input line 58.
LaTeX Font Info:    Checking defaults for T1/cmr/m/n on input line 58.
LaTeX Font Info:    ... okay on input line 58.
LaTeX Font Info:    Checking defaults for OT1/cmr/m/n on input line 58.
LaTeX Font Info:    ... okay on input line 58.
LaTeX Font Info:    Checking defaults for OMS/cmsy/m/n on input line 58.
LaTeX Font Info:    ... okay on input line 58.
LaTeX Font Info:    Checking defaults for OMX/cmex/m/n on input line 58.
LaTeX Font Info:    ... okay on input line 58.
LaTeX Font Info:    Checking defaults for U/cmr/m/n on input line 58.
LaTeX Font Info:    ... okay on input line 58.
LaTeX Font Info:    Checking defaults for LGR/cmr/m/n on input line 58.
LaTeX Font Info:    Try loading font information for LGR+cmr on input line 58.

(/usr/share/texmf-texlive/tex/generic/babel/lgrcmr.fd
File: lgrcmr.fd 2008/06/17 v2.3 Greek Computer Modern
)
LaTeX Font Info:    ... okay on input line 58.
LaTeX Font Info:    Checking defaults for PD1/pdf/m/n on input line 58.
LaTeX Font Info:    ... okay on input line 58.

*geometry auto-detecting driver*
*geometry detected driver: pdftex*
-------------------- Geometry parameters
paper: a4paper
landscape: --
twocolumn: --
twoside: true
asymmetric: --
h-parts: 108.12054pt, 381.26678pt, 108.12054pt
v-parts: 85.35826pt, 674.33032pt, 85.35826pt
hmarginratio: --
vmarginratio: --
lines: --
heightrounded: --
bindingoffset: 0.0pt
truedimen: --
includehead: --
includefoot: --
includemp: --
driver: pdftex
-------------------- Page layout dimensions and switches
\paperwidth  597.50787pt
\paperheight 845.04684pt
\textwidth  381.26678pt
\textheight 674.33032pt
\oddsidemargin  35.85056pt
\evensidemargin 35.85056pt
\topmargin  -23.91173pt
\headheight 12.0pt
\headsep    25.0pt
\footskip   30.0pt
\marginparwidth 85.0pt
\marginparsep   10.0pt
\columnsep  10.0pt
\skip\footins  10.8pt plus 4.0pt minus 2.0pt
\hoffset 0.0pt
\voffset 0.0pt
\mag 1000
\@twosidetrue \@mparswitchtrue 
(1in=72.27pt, 1cm=28.45pt)
-----------------------
(/usr/share/texmf-texlive/tex/context/base/supp-pdf.mkii
[Loading MPS to PDF converter (version 2006.09.02).]
\scratchcounter=\count106
\scratchdimen=\dimen134
\scratchbox=\box28
\nofMPsegments=\count107
\nofMParguments=\count108
\everyMPshowfont=\toks21
\MPscratchCnt=\count109
\MPscratchDim=\dimen135
\MPnumerator=\count110
\everyMPtoPDFconversion=\toks22
)
Package hyperref Info: Link coloring ON on input line 58.
 (/usr/share/texmf-texlive/tex/latex/hyperref/nameref.sty
Package: nameref 2007/05/29 v2.31 Cross-referencing by name of section

(/usr/share/texmf-texlive/tex/latex/oberdiek/refcount.sty
Package: refcount 2008/08/11 v3.1 Data extraction from references (HO)
)
\c@section@level=\count111
)
LaTeX Info: Redefining \ref on input line 58.
LaTeX Info: Redefining \pageref on input line 58.
 (./tutorial.out)
(./tutorial.out)
\@outlinefile=\write3
\openout3 = `tutorial.out'.

\AtBeginShipoutBox=\box29
LaTeX Font Info:    External font `cmex10' loaded for size
(Font)              <14.4> on input line 61.
LaTeX Font Info:    External font `cmex10' loaded for size
(Font)              <7> on input line 61.

Overfull \hbox (27.98112pt too wide) in paragraph at lines 61--61
 [][] 
 []

<osm_logo_new.png, id=51, 205.568pt x 205.568pt>
File: osm_logo_new.png Graphic file (type png)
 <use osm_logo_new.png>
(./tutorial.toc
LaTeX Font Info:    External font `cmex10' loaded for size
(Font)              <12> on input line 2.
LaTeX Font Info:    External font `cmex10' loaded for size
(Font)              <8> on input line 2.
LaTeX Font Info:    External font `cmex10' loaded for size
(Font)              <6> on input line 2.
)
\tf@toc=\write4
\openout4 = `tutorial.toc'.

 [1

{/var/lib/texmf/fonts/map/pdftex/updmap/pdftex.map} <./osm_logo_new.png>] [2] <
mapkibera.jpg, id=81, 803.0pt x 534.99875pt>
File: mapkibera.jpg Graphic file (type jpg)

<use mapkibera.jpg>
Underfull \hbox (badness 1721) in paragraph at lines 96--98
\OT1/cmr/m/n/12 re-al-iz-za-to un qual-cosa
 []

[3 <./mapkibera.jpg>] [4]
LaTeX Font Info:    Try loading font information for OMS+cmr on input line 116.

 (/usr/share/texmf-texlive/tex/latex/base/omscmr.fd
File: omscmr.fd 1999/05/25 v2.5h Standard LaTeX font definitions
)
LaTeX Font Info:    Font shape `OMS/cmr/m/n' in size <12> not available
(Font)              Font shape `OMS/cmsy/m/n' tried instead on input line 116.

<./Mf_node.png, id=104, 16.06pt x 16.06pt>
File: ./Mf_node.png Graphic file (type png)
 <use ./Mf_node.png>
<./Mf_way.png, id=105, 16.06pt x 16.06pt>
File: ./Mf_way.png Graphic file (type png)
 <use ./Mf_way.png>
<./Mf_area.png, id=106, 16.06pt x 16.06pt>
File: ./Mf_area.png Graphic file (type png)
 <use ./Mf_area.png>
<./Mf_relation.png, id=107, 16.06pt x 16.06pt>
File: ./Mf_relation.png Graphic file (type png)
 <use ./Mf_relation.png> [5 <./Mf_node.png> <./Mf_way.png> <./Mf_area.png> <./M
f_relation.png>] [6]
Underfull \hbox (badness 5260) in paragraph at lines 219--220
[]\OT1/cmr/m/n/12 serve per in-serire el-e-men-ti per mis-urare e
 []

[7] <potlatch.png, id=137, 616.55344pt x 335.75438pt>
File: potlatch.png Graphic file (type png)
 <use potlatch.png>
Underfull \hbox (badness 1946) in paragraph at lines 253--254
\OT1/cmr/m/n/12 che se non hai il
 []


Underfull \hbox (badness 1281) in paragraph at lines 253--254
\OT1/cmr/m/n/12 ti tur-is-ti-ci, ne-gozi,
 []


Overfull \hbox (0.2803pt too wide) in paragraph at lines 255--256
[]\OT1/cmr/m/n/12 Se non hai un GPS potresti pren-dere in con-sid-er-azione \OT
1/cmtt/m/n/12 Walking Papers\OT1/cmr/m/n/12 ,
 []

[8 <./potlatch.png (PNG copy)>]
<Josm-screenshot.png, id=146, 1141.26375pt x 890.32625pt>
File: Josm-screenshot.png Graphic file (type png)

<use Josm-screenshot.png>
Underfull \hbox (badness 1286) in paragraph at lines 266--267
[][]\OT1/cmr/m/n/12 Il nos-tro per-cor-so ini-
 []


Underfull \hbox (badness 4156) in paragraph at lines 266--267
\OT1/cmr/m/n/12 zia su una stra-da fore-
 []


Underfull \hbox (badness 5847) in paragraph at lines 266--267
\OT1/cmr/m/n/12 per etichet-tar-la cor-ret-ta-
 []

[9 <./Josm-screenshot.png (PNG copy)>] [10]
<noc.png, id=158, 345.67699pt x 310.84807pt>
File: noc.png Graphic file (type png)
 <use noc.png> [11 <./noc.png>]
<Osmit2010.JPG, id=166, 1730.465pt x 1200.485pt>
File: Osmit2010.JPG Graphic file (type jpg)
 <use Osmit2010.JPG>
Underfull \hbox (badness 2189) in paragraph at lines 321--322
[][]\OT1/cmr/m/n/12 I \OT1/cmr/bx/n/12 map-ping par-ty sono
 []


Underfull \hbox (badness 1072) in paragraph at lines 321--322
\OT1/cmr/m/n/12 pletare, in-com-in-cia a pub-bli-
 []


Underfull \hbox (badness 1337) in paragraph at lines 321--322
\OT1/cmr/m/n/12 zioni e me-dia per dif-fondere
 []

[12 <./Osmit2010.JPG>]
LaTeX Font Info:    Font shape `OT1/cmtt/bx/n' in size <12> not available
(Font)              Font shape `OT1/cmtt/m/n' tried instead on input line 328.
 [13] <./linux-logo.jpg, id=196, 18.7902pt x 23.3673pt>
File: ./linux-logo.jpg Graphic file (type jpg)

<use ./linux-logo.jpg> <./windows-logo.jpg, id=197, 26.499pt x 23.3673pt>
File: ./windows-logo.jpg Graphic file (type jpg)

<use ./windows-logo.jpg> <./mac-logo.jpg, id=198, 21.9219pt x 23.3673pt>
File: ./mac-logo.jpg Graphic file (type jpg)

<use ./mac-logo.jpg>
File: ./linux-logo.jpg Graphic file (type jpg)
 <use ./linux-logo.jpg>
File: ./windows-logo.jpg Graphic file (type jpg)
 <use ./windows-logo.jpg>
File: ./mac-logo.jpg Graphic file (type jpg)

<use ./mac-logo.jpg>
File: ./linux-logo.jpg Graphic file (type jpg)
 <use ./linux-logo.jpg>
File: ./windows-logo.jpg Graphic file (type jpg)
 <use ./windows-logo.jpg>
File: ./mac-logo.jpg Graphic file (type jpg)

<use ./mac-logo.jpg>
File: ./linux-logo.jpg Graphic file (type jpg)
 <use ./linux-logo.jpg>
File: ./windows-logo.jpg Graphic file (type jpg)
 <use ./windows-logo.jpg>
File: ./mac-logo.jpg Graphic file (type jpg)

<use ./mac-logo.jpg> <./android-logo.jpg, id=199, 20.4765pt x 23.3673pt>
File: ./android-logo.jpg Graphic file (type jpg)

<use ./android-logo.jpg>
File: ./linux-logo.jpg Graphic file (type jpg)
 <use ./linux-logo.jpg>
File: ./windows-logo.jpg Graphic file (type jpg)
 <use ./windows-logo.jpg>
File: ./mac-logo.jpg Graphic file (type jpg)

<use ./mac-logo.jpg>
File: ./linux-logo.jpg Graphic file (type jpg)
 <use ./linux-logo.jpg>
File: ./windows-logo.jpg Graphic file (type jpg)
 <use ./windows-logo.jpg>
File: ./mac-logo.jpg Graphic file (type jpg)

<use ./mac-logo.jpg>
File: ./linux-logo.jpg Graphic file (type jpg)
 <use ./linux-logo.jpg>
File: ./windows-logo.jpg Graphic file (type jpg)
 <use ./windows-logo.jpg>
File: ./mac-logo.jpg Graphic file (type jpg)

<use ./mac-logo.jpg>
File: ./linux-logo.jpg Graphic file (type jpg)
 <use ./linux-logo.jpg>
File: ./windows-logo.jpg Graphic file (type jpg)
 <use ./windows-logo.jpg>
File: ./mac-logo.jpg Graphic file (type jpg)

<use ./mac-logo.jpg>
File: ./linux-logo.jpg Graphic file (type jpg)
 <use ./linux-logo.jpg>
File: ./windows-logo.jpg Graphic file (type jpg)
 <use ./windows-logo.jpg>
File: ./mac-logo.jpg Graphic file (type jpg)

<use ./mac-logo.jpg>
File: ./linux-logo.jpg Graphic file (type jpg)
 <use ./linux-logo.jpg>
File: ./windows-logo.jpg Graphic file (type jpg)
 <use ./windows-logo.jpg>
File: ./mac-logo.jpg Graphic file (type jpg)

<use ./mac-logo.jpg> [14 <./linux-logo.jpg> <./windows-logo.jpg> <./mac-logo.jp
g> <./android-logo.jpg>]
File: ./linux-logo.jpg Graphic file (type jpg)
 <use ./linux-logo.jpg>
File: ./windows-logo.jpg Graphic file (type jpg)
 <use ./windows-logo.jpg>
File: ./mac-logo.jpg Graphic file (type jpg)

<use ./mac-logo.jpg>
File: ./linux-logo.jpg Graphic file (type jpg)
 <use ./linux-logo.jpg>
File: ./windows-logo.jpg Graphic file (type jpg)
 <use ./windows-logo.jpg>
File: ./mac-logo.jpg Graphic file (type jpg)

<use ./mac-logo.jpg> <./maemo-logo.png, id=208, 24.09pt x 24.09pt>
File: ./maemo-logo.png Graphic file (type png)

<use ./maemo-logo.png>
File: ./linux-logo.jpg Graphic file (type jpg)
 <use ./linux-logo.jpg>
File: ./windows-logo.jpg Graphic file (type jpg)
 <use ./windows-logo.jpg>
File: ./android-logo.jpg Graphic file (type jpg)

<use ./android-logo.jpg>
File: ./maemo-logo.png Graphic file (type png)
 <use ./maemo-logo.png>
File: ./linux-logo.jpg Graphic file (type jpg)
 <use ./linux-logo.jpg>
File: ./windows-logo.jpg Graphic file (type jpg)

<use ./windows-logo.jpg>
File: ./android-logo.jpg Graphic file (type jpg)
 <use ./android-logo.jpg>
File: ./maemo-logo.png Graphic file (type png)
 <use ./maemo-logo.png>
<./openmoko-logo.jpg, id=209, 27.9444pt x 23.3673pt>
File: ./openmoko-logo.jpg Graphic file (type jpg)
 <use ./openmoko-logo.jpg>
File: ./linux-logo.jpg Graphic file (type jpg)

<use ./linux-logo.jpg>
File: ./windows-logo.jpg Graphic file (type jpg)
 <use ./windows-logo.jpg>
File: ./mac-logo.jpg Graphic file (type jpg)
 <use ./mac-logo.jpg>
File: ./linux-logo.jpg Graphic file (type jpg)

<use ./linux-logo.jpg>
File: ./windows-logo.jpg Graphic file (type jpg)
 <use ./windows-logo.jpg>
File: ./mac-logo.jpg Graphic file (type jpg)
 <use ./mac-logo.jpg>
File: ./linux-logo.jpg Graphic file (type jpg)

<use ./linux-logo.jpg>
File: ./windows-logo.jpg Graphic file (type jpg)
 <use ./windows-logo.jpg>
File: ./mac-logo.jpg Graphic file (type jpg)
 <use ./mac-logo.jpg>
File: ./linux-logo.jpg Graphic file (type jpg)

<use ./linux-logo.jpg>
File: ./windows-logo.jpg Graphic file (type jpg)
 <use ./windows-logo.jpg>
File: ./android-logo.jpg Graphic file (type jpg)
 <use ./android-logo.jpg>
[15 <./maemo-logo.png> <./openmoko-logo.jpg>]
<./iphone-logo.jpg, id=221, 19.0311pt x 23.3673pt>
File: ./iphone-logo.jpg Graphic file (type jpg)
 <use ./iphone-logo.jpg>
File: ./maemo-logo.png Graphic file (type png)

<use ./maemo-logo.png> [16 <./iphone-logo.jpg>] [17]
Overfull \hbox (4.37326pt too wide) in paragraph at lines 481--482
[][][]$\OT1/cmtt/m/n/12 http : / / toolserver . org / []kolossos / openlayers /
 kml-[]on-[]ol . php$[][]\OT1/cmr/m/n/12 : vi-
 []


Overfull \hbox (4.33136pt too wide) in paragraph at lines 489--490
[][][]$\OT1/cmtt/m/n/12 http : / / parking . openstreetmap . de/$[][]\OT1/cmr/m
/n/12 : map-pa tem-at-i-ca ded-i-ca-ta ai par-
 []

[18]
Overfull \hbox (1.96875pt too wide) in paragraph at lines 532--533
[][][]$\OT1/cmtt/m/n/12 http : / / osmstats . hanskalabs . net$[][]\OT1/cmr/m/n
/12 : por-tale sulle statis-tiche degli uten-
 []


Overfull \hbox (9.30457pt too wide) in paragraph at lines 538--539
[][][]$\OT1/cmtt/m/n/12 http : / / open . mapquest . it/$[][]\OT1/cmr/m/n/12 : 
por-tale che uti-liz-za i dati di \OT1/cmr/m/it/12 Open-StreetMap
 []

[19]
LaTeX Font Info:    Font shape `OT1/cmtt/bx/n' in size <10.95> not available
(Font)              Font shape `OT1/cmtt/m/n' tried instead on input line 570.
LaTeX Font Info:    External font `cmex10' loaded for size
(Font)              <10.95> on input line 570.
 <ccbysa.png, id=315, 89.33376pt x 31.11626pt>
File: ccbysa.png Graphic file (type png)
 <use ccbysa.png> [20 <./ccbysa.png>] (./tutorial.aux) ) 
Here is how much of TeX's memory you used:
 6136 strings out of 495061
 87725 string characters out of 1182622
 173641 words of memory out of 3000000
 9110 multiletter control sequences out of 15000+50000
 12896 words of font info for 45 fonts, out of 3000000 for 9000
 28 hyphenation exceptions out of 8191
 38i,9n,43p,1216b,366s stack positions out of 5000i,500n,10000p,200000b,50000s
</usr/share/texmf-texli
ve/fonts/type1/public/amsfonts/cm/cmbx10.pfb></usr/share/texmf-texlive/fonts/ty
pe1/public/amsfonts/cm/cmbx12.pfb></usr/share/texmf-texlive/fonts/type1/public/
amsfonts/cm/cmbxti10.pfb></usr/share/texmf-texlive/fonts/type1/public/amsfonts/
cm/cmitt10.pfb></usr/share/texmf-texlive/fonts/type1/public/amsfonts/cm/cmr10.p
fb></usr/share/texmf-texlive/fonts/type1/public/amsfonts/cm/cmr12.pfb></usr/sha
re/texmf-texlive/fonts/type1/public/amsfonts/cm/cmss12.pfb></usr/share/texmf-te
xlive/fonts/type1/public/amsfonts/cm/cmssbx10.pfb></usr/share/texmf-texlive/fon
ts/type1/public/amsfonts/cm/cmsy10.pfb></usr/share/texmf-texlive/fonts/type1/pu
blic/amsfonts/cm/cmti10.pfb></usr/share/texmf-texlive/fonts/type1/public/amsfon
ts/cm/cmti12.pfb></usr/share/texmf-texlive/fonts/type1/public/amsfonts/cm/cmtt1
0.pfb></usr/share/texmf-texlive/fonts/type1/public/amsfonts/cm/cmtt12.pfb>
Output written on tutorial.pdf (20 pages, 2594605 bytes).
PDF statistics:
 381 PDF objects out of 1000 (max. 8388607)
 68 named destinations out of 1000 (max. 500000)
 187 words of extra memory for PDF output out of 10000 (max. 10000000)

