\BOOKMARK [1][-]{section.1}{Cos'\350 OpenStreetMap}{}
\BOOKMARK [1][-]{section.2}{Cosa non \350 OpenStreetMap}{}
\BOOKMARK [1][-]{section.3}{Perch\351 OpenStreetMap}{}
\BOOKMARK [2][-]{subsection.3.1}{Humanitarian OpenStreetMap Team}{section.3}
\BOOKMARK [2][-]{subsection.3.2}{Utilizzo professionale}{section.3}
\BOOKMARK [1][-]{section.4}{La struttura del database OpenStreetMap}{}
\BOOKMARK [2][-]{subsection.4.1}{Elementi}{section.4}
\BOOKMARK [2][-]{subsection.4.2}{Tag}{section.4}
\BOOKMARK [2][-]{subsection.4.3}{Relation}{section.4}
\BOOKMARK [1][-]{section.5}{Come posso contribuire}{}
\BOOKMARK [2][-]{subsection.5.1}{Non ho il GPS}{section.5}
\BOOKMARK [2][-]{subsection.5.2}{Ho il GPS}{section.5}
\BOOKMARK [2][-]{subsection.5.3}{Ho un cellulare con GPS integrato o collegabile ad un'antenna GPS}{section.5}
\BOOKMARK [2][-]{subsection.5.4}{Infine...}{section.5}
\BOOKMARK [1][-]{section.6}{Donazione tracce}{}
\BOOKMARK [1][-]{section.7}{Passaparola}{}
\BOOKMARK [1][-]{section.8}{Mapping party}{}
\BOOKMARK [1][-]{section.9}{Informazioni utili}{}
\BOOKMARK [1][-]{section.10}{Contatti}{}
\BOOKMARK [1][-]{section.11}{Software}{}
\BOOKMARK [2][-]{subsection.11.1}{Editor}{section.11}
\BOOKMARK [2][-]{subsection.11.2}{Analisi}{section.11}
\BOOKMARK [2][-]{subsection.11.3}{Rendering}{section.11}
\BOOKMARK [2][-]{subsection.11.4}{Visualizzatori}{section.11}
\BOOKMARK [2][-]{subsection.11.5}{Routing}{section.11}
\BOOKMARK [2][-]{subsection.11.6}{GPS}{section.11}
\BOOKMARK [2][-]{subsection.11.7}{Cellulari}{section.11}
\BOOKMARK [3][-]{subsubsection.11.7.1}{Android}{subsection.11.7}
\BOOKMARK [3][-]{subsubsection.11.7.2}{IPhone/IPad}{subsection.11.7}
\BOOKMARK [3][-]{subsubsection.11.7.3}{N900/Maemo}{subsection.11.7}
\BOOKMARK [3][-]{subsubsection.11.7.4}{java2me}{subsection.11.7}
\BOOKMARK [1][-]{section.12}{Link}{}
\BOOKMARK [2][-]{subsection.12.1}{Visualizzazione}{section.12}
\BOOKMARK [3][-]{subsubsection.12.1.1}{Generali}{subsection.12.1}
\BOOKMARK [3][-]{subsubsection.12.1.2}{Sport}{subsection.12.1}
\BOOKMARK [3][-]{subsubsection.12.1.3}{Sociali}{subsection.12.1}
\BOOKMARK [3][-]{subsubsection.12.1.4}{Trasporti}{subsection.12.1}
\BOOKMARK [3][-]{subsubsection.12.1.5}{POI}{subsection.12.1}
\BOOKMARK [2][-]{subsection.12.2}{Qualit\340}{section.12}
\BOOKMARK [2][-]{subsection.12.3}{Routing}{section.12}
\BOOKMARK [2][-]{subsection.12.4}{Servizi}{section.12}
\BOOKMARK [3][-]{subsubsection.12.4.1}{Italia}{subsection.12.4}
\BOOKMARK [3][-]{subsubsection.12.4.2}{Mondo}{subsection.12.4}
