This file contains any messages produced by compilers while
running configure, to aid debugging if configure makes a mistake.

configure:572: checking for a BSD compatible install
configure:625: checking whether build environment is sane
configure:682: checking whether make sets ${MAKE}
configure:728: checking for working aclocal
configure:741: checking for working autoconf
configure:754: checking for working automake
configure:767: checking for working autoheader
configure:780: checking for working makeinfo
configure:870: checking host system type
configure:891: checking build system type
configure:911: checking for ranlib
configure:941: checking for gcc
configure:1054: checking whether the C compiler (gcc  ) works
configure:1070: gcc -o conftest    conftest.c  1>&5
configure:1096: checking whether the C compiler (gcc  ) is a cross-compiler
configure:1101: checking whether we are using GNU C
configure:1110: gcc -E conftest.c
configure:1129: checking whether gcc accepts -g
configure:1172: checking for ld used by GCC
configure:1234: checking if the linker (/usr/bin/ld) is GNU ld
GNU ld version 2.15.90.0.3 20040415
configure:1250: checking for BSD-compatible nm
configure:1286: checking whether ln -s works
ltconfig:603: checking for object suffix
ltconfig:604: gcc -c -g -O2  conftest.c 1>&5
ltconfig:629: checking for executable suffix
ltconfig:630: gcc -o conftest -g -O2   conftest.c  1>&5
ltconfig:776: checking if gcc PIC flag -fPIC works
ltconfig:777: gcc -c -g -O2 -fPIC -DPIC  conftest.c 1>&5
ltconfig:829: checking if gcc supports -c -o file.o
ltconfig:830: gcc -c -g -O2 -o out/conftest2.o  conftest.c 1>&5
ltconfig:862: checking if gcc supports -c -o file.lo
ltconfig:863: gcc -c -g -O2 -c -o conftest.lo  conftest.c 1>&5
ltconfig:914: checking if gcc supports -fno-rtti -fno-exceptions
ltconfig:915: gcc -c -g -O2 -fno-rtti -fno-exceptions -c conftest.c  conftest.c 1>&5
ltconfig:958: checking if gcc static flag -static works
ltconfig:959: gcc -o conftest -g -O2   -static conftest.c  1>&5
/usr/bin/ld: cannot find -lc
collect2: ld returned 1 exit status
GNU ld version 2.15.90.0.3 20040415
ltconfig:1592: checking if global_symbol_pipe works
ltconfig:1593: gcc -c -g -O2  conftest.c 1>&5
ltconfig:1596: eval "/usr/bin/nm -B conftest.o | sed -n -e 's/^.*[ 	]\([ABCDGISTW]\)[ 	][ 	]*\(\)\([_A-Za-z][_A-Za-z0-9]*\)$/\1 \2\3 \3/p' > conftest.nm"
ltconfig:1648: gcc -o conftest -g -O2 -fno-builtin   conftest.c conftstm.o 1>&5
configure:1481: checking for c++
configure:1513: checking whether the C++ compiler (c++  ) works
configure:1529: c++ -o conftest    conftest.C  1>&5
configure:1555: checking whether the C++ compiler (c++  ) is a cross-compiler
configure:1560: checking whether we are using GNU C++
configure:1569: c++ -E conftest.C
configure:1588: checking whether c++ accepts -g
configure:1624: checking for gawk
configure:1656: checking for gcc
configure:1769: checking whether the C compiler (gcc -g -O2 ) works
configure:1785: gcc -o conftest -g -O2   conftest.c  1>&5
configure:1811: checking whether the C compiler (gcc -g -O2 ) is a cross-compiler
configure:1816: checking whether we are using GNU C
configure:1844: checking whether gcc accepts -g
configure:1876: checking how to run the C preprocessor
configure:1897: gcc -E  conftest.c >/dev/null 2>conftest.out
configure:1967: checking for a BSD compatible install
configure:2020: checking whether ln -s works
configure:2041: checking whether make sets ${MAKE}
configure:2070: checking for ranlib
configure:2103: checking for X
configure:2417: checking for dnet_ntoa in -ldnet
configure:2436: gcc -o conftest -g -O2   conftest.c -ldnet   1>&5
/usr/bin/ld: cannot find -ldnet
collect2: ld returned 1 exit status
configure: failed program was:
#line 2425 "configure"
#include "confdefs.h"
/* Override any gcc2 internal prototype to avoid an error.  */
/* We use char because int might match the return type of a gcc2
    builtin and then its argument prototype would still apply.  */
char dnet_ntoa();

int main() {
dnet_ntoa()
; return 0; }
configure:2458: checking for dnet_ntoa in -ldnet_stub
configure:2477: gcc -o conftest -g -O2   conftest.c -ldnet_stub   1>&5
/usr/bin/ld: cannot find -ldnet_stub
collect2: ld returned 1 exit status
configure: failed program was:
#line 2466 "configure"
#include "confdefs.h"
/* Override any gcc2 internal prototype to avoid an error.  */
/* We use char because int might match the return type of a gcc2
    builtin and then its argument prototype would still apply.  */
char dnet_ntoa();

int main() {
dnet_ntoa()
; return 0; }
configure:2506: checking for gethostbyname
configure:2534: gcc -o conftest -g -O2   conftest.c  1>&5
configure:2604: checking for connect
configure:2632: gcc -o conftest -g -O2   conftest.c  1>&5
configure:2696: checking for remove
configure:2724: gcc -o conftest -g -O2   conftest.c  1>&5
configure:2788: checking for shmat
configure:2816: gcc -o conftest -g -O2   conftest.c  1>&5
configure:2889: checking for IceConnectionNumber in -lICE
configure:2908: gcc -o conftest -g -O2   -L/usr/X11R6/lib conftest.c -lICE   1>&5
configure:2937: checking for dirent.h that defines DIR
configure:2950: gcc -c -g -O2  conftest.c 1>&5
configure:2975: checking for opendir in -ldir
configure:2994: gcc -o conftest -g -O2   conftest.c -ldir   1>&5
/usr/bin/ld: cannot find -ldir
collect2: ld returned 1 exit status
configure: failed program was:
#line 2983 "configure"
#include "confdefs.h"
/* Override any gcc2 internal prototype to avoid an error.  */
/* We use char because int might match the return type of a gcc2
    builtin and then its argument prototype would still apply.  */
char opendir();

int main() {
opendir()
; return 0; }
configure:3058: checking for ANSI C header files
configure:3071: gcc -E  conftest.c >/dev/null 2>conftest.out
configure:3138: gcc -o conftest -g -O2   conftest.c  1>&5
configure:3165: checking for unistd.h
configure:3175: gcc -E  conftest.c >/dev/null 2>conftest.out
configure:3203: checking for working const
configure:3257: gcc -c -g -O2  conftest.c 1>&5
configure:3278: checking for pid_t
configure:3311: checking for size_t
configure:3344: checking whether struct tm is in sys/time.h or time.h
configure:3357: gcc -c -g -O2  conftest.c 1>&5
configure:3379: checking whether getpgrp takes no argument
configure:3442: gcc -o conftest -g -O2   conftest.c  1>&5
configure:3466: checking for strftime
configure:3494: gcc -o conftest -g -O2   conftest.c  1>&5
configure:3478: warning: conflicting types for built-in function 'strftime'
configure:3563: checking for vfork.h
configure:3573: gcc -E  conftest.c >/dev/null 2>conftest.out
configure:3569:19: vfork.h: No such file or directory
configure: failed program was:
#line 3568 "configure"
#include "confdefs.h"
#include <vfork.h>
configure:3598: checking for working vfork
configure:3749: gcc -o conftest -g -O2   conftest.c  1>&5
configure:3772: checking for vprintf
configure:3800: gcc -o conftest -g -O2   conftest.c  1>&5
configure:3784: warning: conflicting types for built-in function 'vprintf'
configure:3879: checking for memmove
configure:3907: gcc -o conftest -g -O2   conftest.c  1>&5
configure:3891: warning: conflicting types for built-in function 'memmove'
configure:3933: checking for main in -lm
configure:3948: gcc -o conftest -g -O2   conftest.c -lm   1>&5
configure:4007: checking host system type
