on_seq from file: 1012673
available_seq: 1012675
available_timestamp: 2011-10-05T22\:04\:02Z
on_seq = 1012674
Fetching http://planet.openstreetmap.org/minute-replicate/001/012/674.osc.gz?contact=harry_wood
on_seq = 1012675
Fetching http://planet.openstreetmap.org/minute-replicate/001/012/675.osc.gz?contact=harry_wood
available_seq: 1012676
available_timestamp: 2011-10-05T22\:05\:02Z
on_seq = 1012676
Fetching http://planet.openstreetmap.org/minute-replicate/001/012/676.osc.gz?contact=harry_wood
available_seq: 1012677
available_timestamp: 2011-10-05T22\:06\:02Z
on_seq = 1012677
Fetching http://planet.openstreetmap.org/minute-replicate/001/012/677.osc.gz?contact=harry_wood
available_seq: 1012678
available_timestamp: 2011-10-05T22\:07\:02Z
on_seq = 1012678
Fetching http://planet.openstreetmap.org/minute-replicate/001/012/678.osc.gz?contact=harry_wood
available_seq: 1012679
available_timestamp: 2011-10-05T22\:08\:02Z
on_seq = 1012679
Fetching http://planet.openstreetmap.org/minute-replicate/001/012/679.osc.gz?contact=harry_wood
available_seq: 1012680
available_timestamp: 2011-10-05T22\:09\:02Z
on_seq = 1012680
Fetching http://planet.openstreetmap.org/minute-replicate/001/012/680.osc.gz?contact=harry_wood
available_seq: 1012681
available_timestamp: 2011-10-05T22\:10\:02Z
on_seq = 1012681
Fetching http://planet.openstreetmap.org/minute-replicate/001/012/681.osc.gz?contact=harry_wood
available_seq: 1012682
available_timestamp: 2011-10-05T22\:11\:02Z
on_seq = 1012682
Fetching http://planet.openstreetmap.org/minute-replicate/001/012/682.osc.gz?contact=harry_wood
available_seq: 1012683
available_timestamp: 2011-10-05T22\:12\:02Z
on_seq = 1012683
Fetching http://planet.openstreetmap.org/minute-replicate/001/012/683.osc.gz?contact=harry_wood
available_seq: 1012684
available_timestamp: 2011-10-05T22\:13\:02Z
on_seq = 1012684
Fetching http://planet.openstreetmap.org/minute-replicate/001/012/684.osc.gz?contact=harry_wood
available_seq: 1012685
available_timestamp: 2011-10-05T22\:14\:03Z
on_seq = 1012685
Fetching http://planet.openstreetmap.org/minute-replicate/001/012/685.osc.gz?contact=harry_wood
available_seq: 1012686
available_timestamp: 2011-10-05T22\:15\:02Z
on_seq = 1012686
Fetching http://planet.openstreetmap.org/minute-replicate/001/012/686.osc.gz?contact=harry_wood
available_seq: 1012687
available_timestamp: 2011-10-05T22\:16\:02Z
on_seq = 1012687
Fetching http://planet.openstreetmap.org/minute-replicate/001/012/687.osc.gz?contact=harry_wood
available_seq: 1012688
available_timestamp: 2011-10-05T22\:17\:02Z
on_seq = 1012688
Fetching http://planet.openstreetmap.org/minute-replicate/001/012/688.osc.gz?contact=harry_wood
available_seq: 1012689
available_timestamp: 2011-10-05T22\:18\:02Z
on_seq = 1012689
Fetching http://planet.openstreetmap.org/minute-replicate/001/012/689.osc.gz?contact=harry_wood
available_seq: 1012690
available_timestamp: 2011-10-05T22\:19\:02Z
on_seq = 1012690
Fetching http://planet.openstreetmap.org/minute-replicate/001/012/690.osc.gz?contact=harry_wood
available_seq: 1012691
available_timestamp: 2011-10-05T22\:20\:02Z
on_seq = 1012691
Fetching http://planet.openstreetmap.org/minute-replicate/001/012/691.osc.gz?contact=harry_wood
available_seq: 1012692
available_timestamp: 2011-10-05T22\:21\:02Z
on_seq = 1012692
Fetching http://planet.openstreetmap.org/minute-replicate/001/012/692.osc.gz?contact=harry_wood
available_seq: 1012693
available_timestamp: 2011-10-05T22\:22\:02Z
on_seq = 1012693
Fetching http://planet.openstreetmap.org/minute-replicate/001/012/693.osc.gz?contact=harry_wood
available_seq: 1012694
available_timestamp: 2011-10-05T22\:23\:02Z
on_seq = 1012694
Fetching http://planet.openstreetmap.org/minute-replicate/001/012/694.osc.gz?contact=harry_wood
available_seq: 1012695
available_timestamp: 2011-10-05T22\:24\:02Z
on_seq = 1012695
Fetching http://planet.openstreetmap.org/minute-replicate/001/012/695.osc.gz?contact=harry_wood
available_seq: 1012696
available_timestamp: 2011-10-05T22\:25\:02Z
on_seq = 1012696
Fetching http://planet.openstreetmap.org/minute-replicate/001/012/696.osc.gz?contact=harry_wood
available_seq: 1012697
available_timestamp: 2011-10-05T22\:26\:02Z
on_seq = 1012697
Fetching http://planet.openstreetmap.org/minute-replicate/001/012/697.osc.gz?contact=harry_wood
available_seq: 1012698
available_timestamp: 2011-10-05T22\:27\:02Z
on_seq = 1012698
Fetching http://planet.openstreetmap.org/minute-replicate/001/012/698.osc.gz?contact=harry_wood
available_seq: 1012699
available_timestamp: 2011-10-05T22\:28\:02Z
on_seq = 1012699
Fetching http://planet.openstreetmap.org/minute-replicate/001/012/699.osc.gz?contact=harry_wood
available_seq: 1012700
available_timestamp: 2011-10-05T22\:29\:02Z
on_seq = 1012700
Fetching http://planet.openstreetmap.org/minute-replicate/001/012/700.osc.gz?contact=harry_wood
available_seq: 1012701
available_timestamp: 2011-10-05T22\:30\:02Z
on_seq = 1012701
Fetching http://planet.openstreetmap.org/minute-replicate/001/012/701.osc.gz?contact=harry_wood
available_seq: 1012702
available_timestamp: 2011-10-05T22\:31\:03Z
on_seq = 1012702
Fetching http://planet.openstreetmap.org/minute-replicate/001/012/702.osc.gz?contact=harry_wood
available_seq: 1012703
available_timestamp: 2011-10-05T22\:32\:02Z
on_seq = 1012703
Fetching http://planet.openstreetmap.org/minute-replicate/001/012/703.osc.gz?contact=harry_wood
available_seq: 1012704
available_timestamp: 2011-10-05T22\:33\:03Z
on_seq = 1012704
Fetching http://planet.openstreetmap.org/minute-replicate/001/012/704.osc.gz?contact=harry_wood
available_seq: 1012705
available_timestamp: 2011-10-05T22\:34\:02Z
on_seq = 1012705
Fetching http://planet.openstreetmap.org/minute-replicate/001/012/705.osc.gz?contact=harry_wood
available_seq: 1012706
available_timestamp: 2011-10-05T22\:35\:02Z
on_seq = 1012706
Fetching http://planet.openstreetmap.org/minute-replicate/001/012/706.osc.gz?contact=harry_wood
available_seq: 1012707
available_timestamp: 2011-10-05T22\:36\:02Z
on_seq = 1012707
Fetching http://planet.openstreetmap.org/minute-replicate/001/012/707.osc.gz?contact=harry_wood
available_seq: 1012708
available_timestamp: 2011-10-05T22\:37\:02Z
on_seq = 1012708
Fetching http://planet.openstreetmap.org/minute-replicate/001/012/708.osc.gz?contact=harry_wood
available_seq: 1012709
available_timestamp: 2011-10-05T22\:38\:02Z
on_seq = 1012709
Fetching http://planet.openstreetmap.org/minute-replicate/001/012/709.osc.gz?contact=harry_wood
available_seq: 1012710
available_timestamp: 2011-10-05T22\:39\:02Z
on_seq = 1012710
Fetching http://planet.openstreetmap.org/minute-replicate/001/012/710.osc.gz?contact=harry_wood
available_seq: 1012711
available_timestamp: 2011-10-05T22\:40\:02Z
on_seq = 1012711
Fetching http://planet.openstreetmap.org/minute-replicate/001/012/711.osc.gz?contact=harry_wood
available_seq: 1012712
available_timestamp: 2011-10-05T22\:41\:02Z
on_seq = 1012712
Fetching http://planet.openstreetmap.org/minute-replicate/001/012/712.osc.gz?contact=harry_wood
available_seq: 1012713
available_timestamp: 2011-10-05T22\:42\:02Z
on_seq = 1012713
Fetching http://planet.openstreetmap.org/minute-replicate/001/012/713.osc.gz?contact=harry_wood
available_seq: 1012714
available_timestamp: 2011-10-05T22\:43\:02Z
on_seq = 1012714
Fetching http://planet.openstreetmap.org/minute-replicate/001/012/714.osc.gz?contact=harry_wood
available_seq: 1012715
available_timestamp: 2011-10-05T22\:44\:02Z
on_seq = 1012715
Fetching http://planet.openstreetmap.org/minute-replicate/001/012/715.osc.gz?contact=harry_wood
available_seq: 1012716
available_timestamp: 2011-10-05T22\:45\:02Z
on_seq = 1012716
Fetching http://planet.openstreetmap.org/minute-replicate/001/012/716.osc.gz?contact=harry_wood
available_seq: 1012717
available_timestamp: 2011-10-05T22\:46\:02Z
on_seq = 1012717
Fetching http://planet.openstreetmap.org/minute-replicate/001/012/717.osc.gz?contact=harry_wood
available_seq: 1012718
available_timestamp: 2011-10-05T22\:47\:02Z
on_seq = 1012718
Fetching http://planet.openstreetmap.org/minute-replicate/001/012/718.osc.gz?contact=harry_wood
available_seq: 1012719
available_timestamp: 2011-10-05T22\:48\:02Z
on_seq = 1012719
Fetching http://planet.openstreetmap.org/minute-replicate/001/012/719.osc.gz?contact=harry_wood
available_seq: 1012720
available_timestamp: 2011-10-05T22\:49\:02Z
on_seq = 1012720
Fetching http://planet.openstreetmap.org/minute-replicate/001/012/720.osc.gz?contact=harry_wood
available_seq: 1012721
available_timestamp: 2011-10-05T22\:50\:02Z
on_seq = 1012721
Fetching http://planet.openstreetmap.org/minute-replicate/001/012/721.osc.gz?contact=harry_wood
available_seq: 1012723
available_timestamp: 2011-10-05T22\:52\:03Z
on_seq = 1012722
Fetching http://planet.openstreetmap.org/minute-replicate/001/012/722.osc.gz?contact=harry_wood
on_seq = 1012723
Fetching http://planet.openstreetmap.org/minute-replicate/001/012/723.osc.gz?contact=harry_wood
available_seq: 1012724
available_timestamp: 2011-10-05T22\:53\:02Z
on_seq = 1012724
Fetching http://planet.openstreetmap.org/minute-replicate/001/012/724.osc.gz?contact=harry_wood
available_seq: 1012725
available_timestamp: 2011-10-05T22\:54\:02Z
on_seq = 1012725
Fetching http://planet.openstreetmap.org/minute-replicate/001/012/725.osc.gz?contact=harry_wood
available_seq: 1012726
available_timestamp: 2011-10-05T22\:55\:02Z
on_seq = 1012726
Fetching http://planet.openstreetmap.org/minute-replicate/001/012/726.osc.gz?contact=harry_wood
available_seq: 1012727
available_timestamp: 2011-10-05T22\:56\:02Z
on_seq = 1012727
Fetching http://planet.openstreetmap.org/minute-replicate/001/012/727.osc.gz?contact=harry_wood
available_seq: 1012728
available_timestamp: 2011-10-05T22\:57\:02Z
on_seq = 1012728
Fetching http://planet.openstreetmap.org/minute-replicate/001/012/728.osc.gz?contact=harry_wood
available_seq: 1012729
available_timestamp: 2011-10-05T22\:58\:02Z
on_seq = 1012729
Fetching http://planet.openstreetmap.org/minute-replicate/001/012/729.osc.gz?contact=harry_wood
available_seq: 1012730
available_timestamp: 2011-10-05T22\:59\:02Z
on_seq = 1012730
Fetching http://planet.openstreetmap.org/minute-replicate/001/012/730.osc.gz?contact=harry_wood
available_seq: 1012731
available_timestamp: 2011-10-05T23\:00\:03Z
on_seq = 1012731
Fetching http://planet.openstreetmap.org/minute-replicate/001/012/731.osc.gz?contact=harry_wood
available_seq: 1012732
available_timestamp: 2011-10-05T23\:01\:02Z
on_seq = 1012732
Fetching http://planet.openstreetmap.org/minute-replicate/001/012/732.osc.gz?contact=harry_wood
